  game.cpp
D:\Users\DANNA\Documents\UNIVERSIDAD\Primer-Año\2°-Semestre\Progra_1\proc1\proc1\game.cpp(39,21): error C2086: 'sf::Texture backgroundTexture': nueva definición
      D:\Users\DANNA\Documents\UNIVERSIDAD\Primer-Año\2°-Semestre\Progra_1\proc1\proc1\game.cpp(18,20):
      vea la declaración de 'backgroundTexture'
  
D:\Users\DANNA\Documents\UNIVERSIDAD\Primer-Año\2°-Semestre\Progra_1\proc1\proc1\game.cpp(46,20): error C2374: 'background': nueva definición; inicialización múltiple
      D:\Users\DANNA\Documents\UNIVERSIDAD\Primer-Año\2°-Semestre\Progra_1\proc1\proc1\game.cpp(25,19):
      vea la declaración de 'background'
  
D:\Users\DANNA\Documents\UNIVERSIDAD\Primer-Año\2°-Semestre\Progra_1\proc1\proc1\game.cpp(46,20): error C2086: 'sf::Sprite background': nueva definición
      D:\Users\DANNA\Documents\UNIVERSIDAD\Primer-Año\2°-Semestre\Progra_1\proc1\proc1\game.cpp(25,19):
      vea la declaración de 'background'
  
D:\Users\DANNA\Documents\UNIVERSIDAD\Primer-Año\2°-Semestre\Progra_1\proc1\proc1\game.cpp(64,79): warning C4244: 'argumento': conversión de 'T' a 'T'; posible pérdida de datos
D:\Users\DANNA\Documents\UNIVERSIDAD\Primer-Año\2°-Semestre\Progra_1\proc1\proc1\game.cpp(64,79): warning C4244:         with
D:\Users\DANNA\Documents\UNIVERSIDAD\Primer-Año\2°-Semestre\Progra_1\proc1\proc1\game.cpp(64,79): warning C4244:         [
D:\Users\DANNA\Documents\UNIVERSIDAD\Primer-Año\2°-Semestre\Progra_1\proc1\proc1\game.cpp(64,79): warning C4244:             T=int
D:\Users\DANNA\Documents\UNIVERSIDAD\Primer-Año\2°-Semestre\Progra_1\proc1\proc1\game.cpp(64,79): warning C4244:         ]
D:\Users\DANNA\Documents\UNIVERSIDAD\Primer-Año\2°-Semestre\Progra_1\proc1\proc1\game.cpp(64,79): warning C4244:         and
D:\Users\DANNA\Documents\UNIVERSIDAD\Primer-Año\2°-Semestre\Progra_1\proc1\proc1\game.cpp(64,79): warning C4244:         [
D:\Users\DANNA\Documents\UNIVERSIDAD\Primer-Año\2°-Semestre\Progra_1\proc1\proc1\game.cpp(64,79): warning C4244:             T=float
D:\Users\DANNA\Documents\UNIVERSIDAD\Primer-Año\2°-Semestre\Progra_1\proc1\proc1\game.cpp(64,79): warning C4244:         ]
D:\Users\DANNA\Documents\UNIVERSIDAD\Primer-Año\2°-Semestre\Progra_1\proc1\proc1\game.cpp(64,67): warning C4244: 'argumento': conversión de 'T' a 'T'; posible pérdida de datos
D:\Users\DANNA\Documents\UNIVERSIDAD\Primer-Año\2°-Semestre\Progra_1\proc1\proc1\game.cpp(64,67): warning C4244:         with
D:\Users\DANNA\Documents\UNIVERSIDAD\Primer-Año\2°-Semestre\Progra_1\proc1\proc1\game.cpp(64,67): warning C4244:         [
D:\Users\DANNA\Documents\UNIVERSIDAD\Primer-Año\2°-Semestre\Progra_1\proc1\proc1\game.cpp(64,67): warning C4244:             T=int
D:\Users\DANNA\Documents\UNIVERSIDAD\Primer-Año\2°-Semestre\Progra_1\proc1\proc1\game.cpp(64,67): warning C4244:         ]
D:\Users\DANNA\Documents\UNIVERSIDAD\Primer-Año\2°-Semestre\Progra_1\proc1\proc1\game.cpp(64,67): warning C4244:         and
D:\Users\DANNA\Documents\UNIVERSIDAD\Primer-Año\2°-Semestre\Progra_1\proc1\proc1\game.cpp(64,67): warning C4244:         [
D:\Users\DANNA\Documents\UNIVERSIDAD\Primer-Año\2°-Semestre\Progra_1\proc1\proc1\game.cpp(64,67): warning C4244:             T=float
D:\Users\DANNA\Documents\UNIVERSIDAD\Primer-Año\2°-Semestre\Progra_1\proc1\proc1\game.cpp(64,67): warning C4244:         ]
D:\Users\DANNA\Documents\UNIVERSIDAD\Primer-Año\2°-Semestre\Progra_1\proc1\proc1\game.cpp(73,25): error C2065: 'buttonText': identificador no declarado
